----------

Wed Jun 14 2023 15:42:58 GMT+0200 (Central European Summer Time)

warning: LF will be replaced by CRLF in assets/bootstrap/css/bootstrap.min.css.
The file will have its original line endings in your working directory


----------

Wed Jun 14 2023 15:42:58 GMT+0200 (Central European Summer Time)

warning: LF will be replaced by CRLF in assets/bootstrap/js/bootstrap.min.js.
The file will have its original line endings in your working directory


----------

Wed Jun 14 2023 15:42:58 GMT+0200 (Central European Summer Time)

warning: LF will be replaced by CRLF in assets/css/untitled.css.
The file will have its original line endings in your working directory


----------

Wed Jun 14 2023 15:42:58 GMT+0200 (Central European Summer Time)

warning: LF will be replaced by CRLF in assets/fonts/font-awesome.min.css.
The file will have its original line endings in your working directory


----------

Wed Jun 14 2023 15:42:58 GMT+0200 (Central European Summer Time)

warning: LF will be replaced by CRLF in assets/fonts/fontawesome-webfont.svg.
The file will have its original line endings in your working directory


----------

Wed Jun 14 2023 15:42:58 GMT+0200 (Central European Summer Time)

warning: LF will be replaced by CRLF in assets/js/freelancer.js.
The file will have its original line endings in your working directory


----------

Wed Jun 14 2023 15:42:58 GMT+0200 (Central European Summer Time)

warning: LF will be replaced by CRLF in index.html.
The file will have its original line endings in your working directory


----------

Wed Jun 14 2023 15:42:58 GMT+0200 (Central European Summer Time)

warning: LF will be replaced by CRLF in assets/css/Data-Table-styles.css.
The file will have its original line endings in your working directory


----------

Wed Jun 14 2023 15:42:58 GMT+0200 (Central European Summer Time)

warning: LF will be replaced by CRLF in assets/css/Data-Table.css.
The file will have its original line endings in your working directory


----------

Wed Jun 14 2023 15:43:01 GMT+0200 (Central European Summer Time)

To https://github.com/SafJNest/SafJNest.github.io.git
 * [new branch]      main -> main


